<?xml version="1.0" encoding="UTF-8"?>
<!-- Generated by org.testng.reporters.JUnitXMLReporter -->
<testsuite hostname="ip-172-31-87-20" ignored="0" name="Test" tests="3" failures="2" timestamp="12 Nov 2021 06:06:16 GMT" time="13.186" errors="0">
  <testcase name="ExcelTest" time="2.638" classname="test.LoginTest"/>
  <testcase name="NegativeLogin" time="2.124" classname="test.LoginTest">
    <failure type="java.lang.AssertionError" message="The following asserts failed:
	expected [The email or password you have entered is invalid] but found [The email or password you have entered is invalid.]">
      <![CDATA[java.lang.AssertionError: The following asserts failed:
expected [The email or password you have entered is invalid] but found [The email or password you have entered is invalid.]
at pages.LoginPage.ErrorCheck(LoginPage.java:76)
at test.LoginTest.NegativeLogin(LoginTest.java:23)
... Removed 26 stack frames]]>
    </failure>
  </testcase> <!-- NegativeLogin -->
  <testcase name="PositiveLogin" time="2.142" classname="test.LoginTest">
    <failure type="java.lang.AssertionError" message="expected [true] but found [false]">
      <![CDATA[java.lang.AssertionError: expected [true] but found [false]
at test.LoginTest.PositiveLogin(LoginTest.java:38)
... Removed 29 stack frames]]>
    </failure>
  </testcase> <!-- PositiveLogin -->
</testsuite> <!-- Test -->
